<?xml version="1.0" encoding="UTF-8"?>
<testng-results skipped="0" failed="0" total="1" passed="1">
  <reporter-output>
  </reporter-output>
  <suite name="Default suite" duration-ms="32852" started-at="2017-11-29T11:58:44Z" finished-at="2017-11-29T11:59:17Z">
    <groups>
    </groups>
    <test name="Default test" duration-ms="32852" started-at="2017-11-29T11:58:44Z" finished-at="2017-11-29T11:59:17Z">
      <class name="SmokeTesting.SmokeTesting">
        <test-method status="PASS" signature="InitializeForTesting()[pri:0, instance:SmokeTesting.SmokeTesting@42a2d72e]" name="InitializeForTesting" is-config="true" duration-ms="5975" started-at="2017-11-29T17:28:44Z" finished-at="2017-11-29T17:28:50Z">
          <reporter-output>
          </reporter-output>
        </test-method> <!-- InitializeForTesting -->
        <test-method status="PASS" signature="ProceedWithTesting()[pri:0, instance:SmokeTesting.SmokeTesting@42a2d72e]" name="ProceedWithTesting" duration-ms="25666" started-at="2017-11-29T17:28:50Z" finished-at="2017-11-29T17:29:16Z">
          <reporter-output>
          </reporter-output>
        </test-method> <!-- ProceedWithTesting -->
        <test-method status="PASS" signature="CloseAfterTesting()[pri:0, instance:SmokeTesting.SmokeTesting@42a2d72e]" name="CloseAfterTesting" is-config="true" duration-ms="1162" started-at="2017-11-29T17:29:16Z" finished-at="2017-11-29T17:29:17Z">
          <reporter-output>
          </reporter-output>
        </test-method> <!-- CloseAfterTesting -->
      </class> <!-- SmokeTesting.SmokeTesting -->
    </test> <!-- Default test -->
  </suite> <!-- Default suite -->
</testng-results>
